<?xml version="1.0" encoding="UTF-8"?>
<testng-results skipped="0" failed="0" ignored="0" total="20" passed="20">
  <reporter-output>
  </reporter-output>
  <suite name="book-flight-module" duration-ms="613327" started-at="2020-05-21T12:41:05Z" finished-at="2020-05-21T12:51:18Z">
    <groups>
    </groups>
    <test name="book-2-passengers" duration-ms="160172" started-at="2020-05-21T12:41:05Z" finished-at="2020-05-21T12:43:45Z">
      <class name="com.newtours.tests.BookFlightTest">
        <test-method status="PASS" signature="setupDriver(org.testng.ITestContext)[pri:0, instance:com.newtours.tests.BookFlightTest@d7b1517]" name="setupDriver" is-config="true" duration-ms="3335" started-at="2020-05-21T12:41:05Z" finished-at="2020-05-21T12:41:08Z">
          <params>
            <param index="0">
              <value>
                <![CDATA[org.testng.TestRunner@3a4b0e5d]]>
              </value>
            </param>
          </params>
          <reporter-output>
          </reporter-output>
        </test-method> <!-- setupDriver -->
        <test-method status="PASS" signature="getParam(java.lang.String, java.lang.String)[pri:0, instance:com.newtours.tests.BookFlightTest@d7b1517]" name="getParam" is-config="true" duration-ms="3" started-at="2020-05-21T12:41:08Z" finished-at="2020-05-21T12:41:08Z">
          <params>
            <param index="0">
              <value>
                <![CDATA[2]]>
              </value>
            </param>
            <param index="1">
              <value>
                <![CDATA[$1169 USD]]>
              </value>
            </param>
          </params>
          <reporter-output>
          </reporter-output>
        </test-method> <!-- getParam -->
        <test-method status="PASS" signature="registrationPageTest()[pri:0, instance:com.newtours.tests.BookFlightTest@d7b1517]" name="registrationPageTest" duration-ms="145278" started-at="2020-05-21T12:41:08Z" finished-at="2020-05-21T12:43:33Z">
          <reporter-output>
          </reporter-output>
        </test-method> <!-- registrationPageTest -->
        <test-method status="PASS" signature="getParam(java.lang.String, java.lang.String)[pri:0, instance:com.newtours.tests.BookFlightTest@d7b1517]" name="getParam" is-config="true" duration-ms="0" started-at="2020-05-21T12:43:33Z" finished-at="2020-05-21T12:43:33Z">
          <params>
            <param index="0">
              <value>
                <![CDATA[2]]>
              </value>
            </param>
            <param index="1">
              <value>
                <![CDATA[$1169 USD]]>
              </value>
            </param>
          </params>
          <reporter-output>
          </reporter-output>
        </test-method> <!-- getParam -->
        <test-method status="PASS" signature="registrationConfirmationTest()[pri:0, instance:com.newtours.tests.BookFlightTest@d7b1517]" name="registrationConfirmationTest" duration-ms="1932" started-at="2020-05-21T12:43:33Z" depends-on-methods="com.newtours.tests.BookFlightTest.registrationPageTest" finished-at="2020-05-21T12:43:35Z">
          <reporter-output>
          </reporter-output>
        </test-method> <!-- registrationConfirmationTest -->
        <test-method status="PASS" signature="getParam(java.lang.String, java.lang.String)[pri:0, instance:com.newtours.tests.BookFlightTest@d7b1517]" name="getParam" is-config="true" duration-ms="0" started-at="2020-05-21T12:43:35Z" finished-at="2020-05-21T12:43:35Z">
          <params>
            <param index="0">
              <value>
                <![CDATA[2]]>
              </value>
            </param>
            <param index="1">
              <value>
                <![CDATA[$1169 USD]]>
              </value>
            </param>
          </params>
          <reporter-output>
          </reporter-output>
        </test-method> <!-- getParam -->
        <test-method status="PASS" signature="flightDetailPageTest()[pri:0, instance:com.newtours.tests.BookFlightTest@d7b1517]" name="flightDetailPageTest" duration-ms="1902" started-at="2020-05-21T12:43:35Z" depends-on-methods="com.newtours.tests.BookFlightTest.registrationConfirmationTest" finished-at="2020-05-21T12:43:37Z">
          <reporter-output>
          </reporter-output>
        </test-method> <!-- flightDetailPageTest -->
        <test-method status="PASS" signature="getParam(java.lang.String, java.lang.String)[pri:0, instance:com.newtours.tests.BookFlightTest@d7b1517]" name="getParam" is-config="true" duration-ms="4" started-at="2020-05-21T12:43:37Z" finished-at="2020-05-21T12:43:37Z">
          <params>
            <param index="0">
              <value>
                <![CDATA[2]]>
              </value>
            </param>
            <param index="1">
              <value>
                <![CDATA[$1169 USD]]>
              </value>
            </param>
          </params>
          <reporter-output>
          </reporter-output>
        </test-method> <!-- getParam -->
        <test-method status="PASS" signature="findFlightPageTest()[pri:0, instance:com.newtours.tests.BookFlightTest@d7b1517]" name="findFlightPageTest" duration-ms="5317" started-at="2020-05-21T12:43:37Z" depends-on-methods="com.newtours.tests.BookFlightTest.flightDetailPageTest" finished-at="2020-05-21T12:43:43Z">
          <reporter-output>
          </reporter-output>
        </test-method> <!-- findFlightPageTest -->
        <test-method status="PASS" signature="getParam(java.lang.String, java.lang.String)[pri:0, instance:com.newtours.tests.BookFlightTest@d7b1517]" name="getParam" is-config="true" duration-ms="0" started-at="2020-05-21T12:43:43Z" finished-at="2020-05-21T12:43:43Z">
          <params>
            <param index="0">
              <value>
                <![CDATA[2]]>
              </value>
            </param>
            <param index="1">
              <value>
                <![CDATA[$1169 USD]]>
              </value>
            </param>
          </params>
          <reporter-output>
          </reporter-output>
        </test-method> <!-- getParam -->
        <test-method status="PASS" signature="flightConfirmationPageTest()[pri:0, instance:com.newtours.tests.BookFlightTest@d7b1517]" name="flightConfirmationPageTest" duration-ms="2283" started-at="2020-05-21T12:43:43Z" depends-on-methods="com.newtours.tests.BookFlightTest.findFlightPageTest" finished-at="2020-05-21T12:43:45Z">
          <reporter-output>
          </reporter-output>
        </test-method> <!-- flightConfirmationPageTest -->
        <test-method status="PASS" signature="tearDown()[pri:0, instance:com.newtours.tests.BookFlightTest@d7b1517]" name="tearDown" is-config="true" duration-ms="63" started-at="2020-05-21T12:43:45Z" finished-at="2020-05-21T12:43:45Z">
          <reporter-output>
          </reporter-output>
        </test-method> <!-- tearDown -->
      </class> <!-- com.newtours.tests.BookFlightTest -->
    </test> <!-- book-2-passengers -->
    <test name="book-2-passengers 1" duration-ms="156079" started-at="2020-05-21T12:43:45Z" finished-at="2020-05-21T12:46:21Z">
      <class name="com.newtours.tests.BookFlightTest">
        <test-method status="PASS" signature="setupDriver(org.testng.ITestContext)[pri:0, instance:com.newtours.tests.BookFlightTest@6b71769e]" name="setupDriver" is-config="true" duration-ms="639" started-at="2020-05-21T12:43:45Z" finished-at="2020-05-21T12:43:46Z">
          <params>
            <param index="0">
              <value>
                <![CDATA[org.testng.TestRunner@10b892d5]]>
              </value>
            </param>
          </params>
          <reporter-output>
          </reporter-output>
        </test-method> <!-- setupDriver -->
        <test-method status="PASS" signature="registrationPageTest()[pri:0, instance:com.newtours.tests.BookFlightTest@6b71769e]" name="registrationPageTest" duration-ms="146858" started-at="2020-05-21T12:43:46Z" finished-at="2020-05-21T12:46:13Z">
          <reporter-output>
          </reporter-output>
        </test-method> <!-- registrationPageTest -->
        <test-method status="PASS" signature="getParam(java.lang.String, java.lang.String)[pri:0, instance:com.newtours.tests.BookFlightTest@6b71769e]" name="getParam" is-config="true" duration-ms="0" started-at="2020-05-21T12:43:46Z" finished-at="2020-05-21T12:43:46Z">
          <params>
            <param index="0">
              <value>
                <![CDATA[2]]>
              </value>
            </param>
            <param index="1">
              <value>
                <![CDATA[$1169 USD]]>
              </value>
            </param>
          </params>
          <reporter-output>
          </reporter-output>
        </test-method> <!-- getParam -->
        <test-method status="PASS" signature="getParam(java.lang.String, java.lang.String)[pri:0, instance:com.newtours.tests.BookFlightTest@6b71769e]" name="getParam" is-config="true" duration-ms="0" started-at="2020-05-21T12:46:13Z" finished-at="2020-05-21T12:46:13Z">
          <params>
            <param index="0">
              <value>
                <![CDATA[2]]>
              </value>
            </param>
            <param index="1">
              <value>
                <![CDATA[$1169 USD]]>
              </value>
            </param>
          </params>
          <reporter-output>
          </reporter-output>
        </test-method> <!-- getParam -->
        <test-method status="PASS" signature="registrationConfirmationTest()[pri:0, instance:com.newtours.tests.BookFlightTest@6b71769e]" name="registrationConfirmationTest" duration-ms="1722" started-at="2020-05-21T12:46:13Z" depends-on-methods="com.newtours.tests.BookFlightTest.registrationPageTest" finished-at="2020-05-21T12:46:14Z">
          <reporter-output>
          </reporter-output>
        </test-method> <!-- registrationConfirmationTest -->
        <test-method status="PASS" signature="getParam(java.lang.String, java.lang.String)[pri:0, instance:com.newtours.tests.BookFlightTest@6b71769e]" name="getParam" is-config="true" duration-ms="0" started-at="2020-05-21T12:46:14Z" finished-at="2020-05-21T12:46:14Z">
          <params>
            <param index="0">
              <value>
                <![CDATA[2]]>
              </value>
            </param>
            <param index="1">
              <value>
                <![CDATA[$1169 USD]]>
              </value>
            </param>
          </params>
          <reporter-output>
          </reporter-output>
        </test-method> <!-- getParam -->
        <test-method status="PASS" signature="flightDetailPageTest()[pri:0, instance:com.newtours.tests.BookFlightTest@6b71769e]" name="flightDetailPageTest" duration-ms="1325" started-at="2020-05-21T12:46:14Z" depends-on-methods="com.newtours.tests.BookFlightTest.registrationConfirmationTest" finished-at="2020-05-21T12:46:16Z">
          <reporter-output>
          </reporter-output>
        </test-method> <!-- flightDetailPageTest -->
        <test-method status="PASS" signature="findFlightPageTest()[pri:0, instance:com.newtours.tests.BookFlightTest@6b71769e]" name="findFlightPageTest" duration-ms="4137" started-at="2020-05-21T12:46:16Z" depends-on-methods="com.newtours.tests.BookFlightTest.flightDetailPageTest" finished-at="2020-05-21T12:46:20Z">
          <reporter-output>
          </reporter-output>
        </test-method> <!-- findFlightPageTest -->
        <test-method status="PASS" signature="getParam(java.lang.String, java.lang.String)[pri:0, instance:com.newtours.tests.BookFlightTest@6b71769e]" name="getParam" is-config="true" duration-ms="0" started-at="2020-05-21T12:46:16Z" finished-at="2020-05-21T12:46:16Z">
          <params>
            <param index="0">
              <value>
                <![CDATA[2]]>
              </value>
            </param>
            <param index="1">
              <value>
                <![CDATA[$1169 USD]]>
              </value>
            </param>
          </params>
          <reporter-output>
          </reporter-output>
        </test-method> <!-- getParam -->
        <test-method status="PASS" signature="getParam(java.lang.String, java.lang.String)[pri:0, instance:com.newtours.tests.BookFlightTest@6b71769e]" name="getParam" is-config="true" duration-ms="1" started-at="2020-05-21T12:46:20Z" finished-at="2020-05-21T12:46:20Z">
          <params>
            <param index="0">
              <value>
                <![CDATA[2]]>
              </value>
            </param>
            <param index="1">
              <value>
                <![CDATA[$1169 USD]]>
              </value>
            </param>
          </params>
          <reporter-output>
          </reporter-output>
        </test-method> <!-- getParam -->
        <test-method status="PASS" signature="flightConfirmationPageTest()[pri:0, instance:com.newtours.tests.BookFlightTest@6b71769e]" name="flightConfirmationPageTest" duration-ms="1330" started-at="2020-05-21T12:46:20Z" depends-on-methods="com.newtours.tests.BookFlightTest.findFlightPageTest" finished-at="2020-05-21T12:46:21Z">
          <reporter-output>
          </reporter-output>
        </test-method> <!-- flightConfirmationPageTest -->
        <test-method status="PASS" signature="tearDown()[pri:0, instance:com.newtours.tests.BookFlightTest@6b71769e]" name="tearDown" is-config="true" duration-ms="64" started-at="2020-05-21T12:46:21Z" finished-at="2020-05-21T12:46:21Z">
          <reporter-output>
          </reporter-output>
        </test-method> <!-- tearDown -->
      </class> <!-- com.newtours.tests.BookFlightTest -->
    </test> <!-- book-2-passengers 1 -->
    <test name="book-2-passengers 2" duration-ms="146152" started-at="2020-05-21T12:46:21Z" finished-at="2020-05-21T12:48:47Z">
      <class name="com.newtours.tests.BookFlightTest">
        <test-method status="PASS" signature="setupDriver(org.testng.ITestContext)[pri:0, instance:com.newtours.tests.BookFlightTest@48140564]" name="setupDriver" is-config="true" duration-ms="648" started-at="2020-05-21T12:46:21Z" finished-at="2020-05-21T12:46:22Z">
          <params>
            <param index="0">
              <value>
                <![CDATA[org.testng.TestRunner@3d3f761a]]>
              </value>
            </param>
          </params>
          <reporter-output>
          </reporter-output>
        </test-method> <!-- setupDriver -->
        <test-method status="PASS" signature="registrationPageTest()[pri:0, instance:com.newtours.tests.BookFlightTest@48140564]" name="registrationPageTest" duration-ms="138753" started-at="2020-05-21T12:46:22Z" finished-at="2020-05-21T12:48:41Z">
          <reporter-output>
          </reporter-output>
        </test-method> <!-- registrationPageTest -->
        <test-method status="PASS" signature="getParam(java.lang.String, java.lang.String)[pri:0, instance:com.newtours.tests.BookFlightTest@48140564]" name="getParam" is-config="true" duration-ms="0" started-at="2020-05-21T12:46:22Z" finished-at="2020-05-21T12:46:22Z">
          <params>
            <param index="0">
              <value>
                <![CDATA[2]]>
              </value>
            </param>
            <param index="1">
              <value>
                <![CDATA[$1169 USD]]>
              </value>
            </param>
          </params>
          <reporter-output>
          </reporter-output>
        </test-method> <!-- getParam -->
        <test-method status="PASS" signature="getParam(java.lang.String, java.lang.String)[pri:0, instance:com.newtours.tests.BookFlightTest@48140564]" name="getParam" is-config="true" duration-ms="1" started-at="2020-05-21T12:48:41Z" finished-at="2020-05-21T12:48:41Z">
          <params>
            <param index="0">
              <value>
                <![CDATA[2]]>
              </value>
            </param>
            <param index="1">
              <value>
                <![CDATA[$1169 USD]]>
              </value>
            </param>
          </params>
          <reporter-output>
          </reporter-output>
        </test-method> <!-- getParam -->
        <test-method status="PASS" signature="registrationConfirmationTest()[pri:0, instance:com.newtours.tests.BookFlightTest@48140564]" name="registrationConfirmationTest" duration-ms="1278" started-at="2020-05-21T12:48:41Z" depends-on-methods="com.newtours.tests.BookFlightTest.registrationPageTest" finished-at="2020-05-21T12:48:42Z">
          <reporter-output>
          </reporter-output>
        </test-method> <!-- registrationConfirmationTest -->
        <test-method status="PASS" signature="flightDetailPageTest()[pri:0, instance:com.newtours.tests.BookFlightTest@48140564]" name="flightDetailPageTest" duration-ms="1207" started-at="2020-05-21T12:48:42Z" depends-on-methods="com.newtours.tests.BookFlightTest.registrationConfirmationTest" finished-at="2020-05-21T12:48:43Z">
          <reporter-output>
          </reporter-output>
        </test-method> <!-- flightDetailPageTest -->
        <test-method status="PASS" signature="getParam(java.lang.String, java.lang.String)[pri:0, instance:com.newtours.tests.BookFlightTest@48140564]" name="getParam" is-config="true" duration-ms="0" started-at="2020-05-21T12:48:42Z" finished-at="2020-05-21T12:48:42Z">
          <params>
            <param index="0">
              <value>
                <![CDATA[2]]>
              </value>
            </param>
            <param index="1">
              <value>
                <![CDATA[$1169 USD]]>
              </value>
            </param>
          </params>
          <reporter-output>
          </reporter-output>
        </test-method> <!-- getParam -->
        <test-method status="PASS" signature="findFlightPageTest()[pri:0, instance:com.newtours.tests.BookFlightTest@48140564]" name="findFlightPageTest" duration-ms="2733" started-at="2020-05-21T12:48:43Z" depends-on-methods="com.newtours.tests.BookFlightTest.flightDetailPageTest" finished-at="2020-05-21T12:48:46Z">
          <reporter-output>
          </reporter-output>
        </test-method> <!-- findFlightPageTest -->
        <test-method status="PASS" signature="getParam(java.lang.String, java.lang.String)[pri:0, instance:com.newtours.tests.BookFlightTest@48140564]" name="getParam" is-config="true" duration-ms="0" started-at="2020-05-21T12:48:43Z" finished-at="2020-05-21T12:48:43Z">
          <params>
            <param index="0">
              <value>
                <![CDATA[2]]>
              </value>
            </param>
            <param index="1">
              <value>
                <![CDATA[$1169 USD]]>
              </value>
            </param>
          </params>
          <reporter-output>
          </reporter-output>
        </test-method> <!-- getParam -->
        <test-method status="PASS" signature="getParam(java.lang.String, java.lang.String)[pri:0, instance:com.newtours.tests.BookFlightTest@48140564]" name="getParam" is-config="true" duration-ms="1" started-at="2020-05-21T12:48:46Z" finished-at="2020-05-21T12:48:46Z">
          <params>
            <param index="0">
              <value>
                <![CDATA[2]]>
              </value>
            </param>
            <param index="1">
              <value>
                <![CDATA[$1169 USD]]>
              </value>
            </param>
          </params>
          <reporter-output>
          </reporter-output>
        </test-method> <!-- getParam -->
        <test-method status="PASS" signature="flightConfirmationPageTest()[pri:0, instance:com.newtours.tests.BookFlightTest@48140564]" name="flightConfirmationPageTest" duration-ms="1467" started-at="2020-05-21T12:48:46Z" depends-on-methods="com.newtours.tests.BookFlightTest.findFlightPageTest" finished-at="2020-05-21T12:48:47Z">
          <reporter-output>
          </reporter-output>
        </test-method> <!-- flightConfirmationPageTest -->
        <test-method status="PASS" signature="tearDown()[pri:0, instance:com.newtours.tests.BookFlightTest@48140564]" name="tearDown" is-config="true" duration-ms="61" started-at="2020-05-21T12:48:47Z" finished-at="2020-05-21T12:48:47Z">
          <reporter-output>
          </reporter-output>
        </test-method> <!-- tearDown -->
      </class> <!-- com.newtours.tests.BookFlightTest -->
    </test> <!-- book-2-passengers 2 -->
    <test name="book-2-passengers 3" duration-ms="150837" started-at="2020-05-21T12:48:47Z" finished-at="2020-05-21T12:51:18Z">
      <class name="com.newtours.tests.BookFlightTest">
        <test-method status="PASS" signature="setupDriver(org.testng.ITestContext)[pri:0, instance:com.newtours.tests.BookFlightTest@6a5fc7f7]" name="setupDriver" is-config="true" duration-ms="804" started-at="2020-05-21T12:48:47Z" finished-at="2020-05-21T12:48:48Z">
          <params>
            <param index="0">
              <value>
                <![CDATA[org.testng.TestRunner@3546d80f]]>
              </value>
            </param>
          </params>
          <reporter-output>
          </reporter-output>
        </test-method> <!-- setupDriver -->
        <test-method status="PASS" signature="getParam(java.lang.String, java.lang.String)[pri:0, instance:com.newtours.tests.BookFlightTest@6a5fc7f7]" name="getParam" is-config="true" duration-ms="1" started-at="2020-05-21T12:48:48Z" finished-at="2020-05-21T12:48:48Z">
          <params>
            <param index="0">
              <value>
                <![CDATA[2]]>
              </value>
            </param>
            <param index="1">
              <value>
                <![CDATA[$1169 USD]]>
              </value>
            </param>
          </params>
          <reporter-output>
          </reporter-output>
        </test-method> <!-- getParam -->
        <test-method status="PASS" signature="registrationPageTest()[pri:0, instance:com.newtours.tests.BookFlightTest@6a5fc7f7]" name="registrationPageTest" duration-ms="140815" started-at="2020-05-21T12:48:48Z" finished-at="2020-05-21T12:51:09Z">
          <reporter-output>
          </reporter-output>
        </test-method> <!-- registrationPageTest -->
        <test-method status="PASS" signature="getParam(java.lang.String, java.lang.String)[pri:0, instance:com.newtours.tests.BookFlightTest@6a5fc7f7]" name="getParam" is-config="true" duration-ms="1" started-at="2020-05-21T12:51:09Z" finished-at="2020-05-21T12:51:09Z">
          <params>
            <param index="0">
              <value>
                <![CDATA[2]]>
              </value>
            </param>
            <param index="1">
              <value>
                <![CDATA[$1169 USD]]>
              </value>
            </param>
          </params>
          <reporter-output>
          </reporter-output>
        </test-method> <!-- getParam -->
        <test-method status="PASS" signature="registrationConfirmationTest()[pri:0, instance:com.newtours.tests.BookFlightTest@6a5fc7f7]" name="registrationConfirmationTest" duration-ms="1872" started-at="2020-05-21T12:51:09Z" depends-on-methods="com.newtours.tests.BookFlightTest.registrationPageTest" finished-at="2020-05-21T12:51:11Z">
          <reporter-output>
          </reporter-output>
        </test-method> <!-- registrationConfirmationTest -->
        <test-method status="PASS" signature="flightDetailPageTest()[pri:0, instance:com.newtours.tests.BookFlightTest@6a5fc7f7]" name="flightDetailPageTest" duration-ms="2761" started-at="2020-05-21T12:51:11Z" depends-on-methods="com.newtours.tests.BookFlightTest.registrationConfirmationTest" finished-at="2020-05-21T12:51:14Z">
          <reporter-output>
          </reporter-output>
        </test-method> <!-- flightDetailPageTest -->
        <test-method status="PASS" signature="getParam(java.lang.String, java.lang.String)[pri:0, instance:com.newtours.tests.BookFlightTest@6a5fc7f7]" name="getParam" is-config="true" duration-ms="0" started-at="2020-05-21T12:51:11Z" finished-at="2020-05-21T12:51:11Z">
          <params>
            <param index="0">
              <value>
                <![CDATA[2]]>
              </value>
            </param>
            <param index="1">
              <value>
                <![CDATA[$1169 USD]]>
              </value>
            </param>
          </params>
          <reporter-output>
          </reporter-output>
        </test-method> <!-- getParam -->
        <test-method status="PASS" signature="getParam(java.lang.String, java.lang.String)[pri:0, instance:com.newtours.tests.BookFlightTest@6a5fc7f7]" name="getParam" is-config="true" duration-ms="1" started-at="2020-05-21T12:51:14Z" finished-at="2020-05-21T12:51:14Z">
          <params>
            <param index="0">
              <value>
                <![CDATA[2]]>
              </value>
            </param>
            <param index="1">
              <value>
                <![CDATA[$1169 USD]]>
              </value>
            </param>
          </params>
          <reporter-output>
          </reporter-output>
        </test-method> <!-- getParam -->
        <test-method status="PASS" signature="findFlightPageTest()[pri:0, instance:com.newtours.tests.BookFlightTest@6a5fc7f7]" name="findFlightPageTest" duration-ms="2995" started-at="2020-05-21T12:51:14Z" depends-on-methods="com.newtours.tests.BookFlightTest.flightDetailPageTest" finished-at="2020-05-21T12:51:17Z">
          <reporter-output>
          </reporter-output>
        </test-method> <!-- findFlightPageTest -->
        <test-method status="PASS" signature="getParam(java.lang.String, java.lang.String)[pri:0, instance:com.newtours.tests.BookFlightTest@6a5fc7f7]" name="getParam" is-config="true" duration-ms="1" started-at="2020-05-21T12:51:17Z" finished-at="2020-05-21T12:51:17Z">
          <params>
            <param index="0">
              <value>
                <![CDATA[2]]>
              </value>
            </param>
            <param index="1">
              <value>
                <![CDATA[$1169 USD]]>
              </value>
            </param>
          </params>
          <reporter-output>
          </reporter-output>
        </test-method> <!-- getParam -->
        <test-method status="PASS" signature="flightConfirmationPageTest()[pri:0, instance:com.newtours.tests.BookFlightTest@6a5fc7f7]" name="flightConfirmationPageTest" duration-ms="1524" started-at="2020-05-21T12:51:17Z" depends-on-methods="com.newtours.tests.BookFlightTest.findFlightPageTest" finished-at="2020-05-21T12:51:18Z">
          <reporter-output>
          </reporter-output>
        </test-method> <!-- flightConfirmationPageTest -->
        <test-method status="PASS" signature="tearDown()[pri:0, instance:com.newtours.tests.BookFlightTest@6a5fc7f7]" name="tearDown" is-config="true" duration-ms="60" started-at="2020-05-21T12:51:18Z" finished-at="2020-05-21T12:51:18Z">
          <reporter-output>
          </reporter-output>
        </test-method> <!-- tearDown -->
      </class> <!-- com.newtours.tests.BookFlightTest -->
    </test> <!-- book-2-passengers 3 -->
  </suite> <!-- book-flight-module -->
</testng-results>
