<?xml version="1.0" encoding="UTF-8"?>
<testng-results skipped="0" failed="0" ignored="0" total="4" passed="4">
  <reporter-output>
  </reporter-output>
  <suite name="search-module" duration-ms="28336" started-at="2020-05-21T12:41:05Z" finished-at="2020-05-21T12:41:33Z">
    <groups>
    </groups>
    <test name="search-keyword" duration-ms="8925" started-at="2020-05-21T12:41:05Z" finished-at="2020-05-21T12:41:14Z">
      <class name="com.searchmodule.tests.SearchTest">
        <test-method status="PASS" signature="setupDriver(org.testng.ITestContext)[pri:0, instance:com.searchmodule.tests.SearchTest@2a18f23c]" name="setupDriver" is-config="true" duration-ms="4127" started-at="2020-05-21T12:41:05Z" finished-at="2020-05-21T12:41:09Z">
          <params>
            <param index="0">
              <value>
                <![CDATA[org.testng.TestRunner@71812481]]>
              </value>
            </param>
          </params>
          <reporter-output>
          </reporter-output>
        </test-method> <!-- setupDriver -->
        <test-method status="PASS" signature="searchTestDemo(java.lang.String)[pri:0, instance:com.searchmodule.tests.SearchTest@2a18f23c]" name="searchTestDemo" duration-ms="4189" started-at="2020-05-21T12:41:09Z" finished-at="2020-05-21T12:41:13Z">
          <params>
            <param index="0">
              <value>
                <![CDATA[selenium]]>
              </value>
            </param>
          </params>
          <reporter-output>
          </reporter-output>
        </test-method> <!-- searchTestDemo -->
        <test-method status="PASS" signature="tearDown()[pri:0, instance:com.searchmodule.tests.SearchTest@2a18f23c]" name="tearDown" is-config="true" duration-ms="575" started-at="2020-05-21T12:41:13Z" finished-at="2020-05-21T12:41:14Z">
          <reporter-output>
          </reporter-output>
        </test-method> <!-- tearDown -->
      </class> <!-- com.searchmodule.tests.SearchTest -->
    </test> <!-- search-keyword -->
    <test name="search-keyword 1" duration-ms="5849" started-at="2020-05-21T12:41:14Z" finished-at="2020-05-21T12:41:20Z">
      <class name="com.searchmodule.tests.SearchTest">
        <test-method status="PASS" signature="setupDriver(org.testng.ITestContext)[pri:0, instance:com.searchmodule.tests.SearchTest@129a8472]" name="setupDriver" is-config="true" duration-ms="1838" started-at="2020-05-21T12:41:14Z" finished-at="2020-05-21T12:41:16Z">
          <params>
            <param index="0">
              <value>
                <![CDATA[org.testng.TestRunner@16ce702d]]>
              </value>
            </param>
          </params>
          <reporter-output>
          </reporter-output>
        </test-method> <!-- setupDriver -->
        <test-method status="PASS" signature="searchTestDemo(java.lang.String)[pri:0, instance:com.searchmodule.tests.SearchTest@129a8472]" name="searchTestDemo" duration-ms="3444" started-at="2020-05-21T12:41:16Z" finished-at="2020-05-21T12:41:19Z">
          <params>
            <param index="0">
              <value>
                <![CDATA[selenium]]>
              </value>
            </param>
          </params>
          <reporter-output>
          </reporter-output>
        </test-method> <!-- searchTestDemo -->
        <test-method status="PASS" signature="tearDown()[pri:0, instance:com.searchmodule.tests.SearchTest@129a8472]" name="tearDown" is-config="true" duration-ms="564" started-at="2020-05-21T12:41:19Z" finished-at="2020-05-21T12:41:20Z">
          <reporter-output>
          </reporter-output>
        </test-method> <!-- tearDown -->
      </class> <!-- com.searchmodule.tests.SearchTest -->
    </test> <!-- search-keyword 1 -->
    <test name="search-keyword 2" duration-ms="7855" started-at="2020-05-21T12:41:20Z" finished-at="2020-05-21T12:41:27Z">
      <class name="com.searchmodule.tests.SearchTest">
        <test-method status="PASS" signature="setupDriver(org.testng.ITestContext)[pri:0, instance:com.searchmodule.tests.SearchTest@2752f6e2]" name="setupDriver" is-config="true" duration-ms="1836" started-at="2020-05-21T12:41:20Z" finished-at="2020-05-21T12:41:21Z">
          <params>
            <param index="0">
              <value>
                <![CDATA[org.testng.TestRunner@7b94089b]]>
              </value>
            </param>
          </params>
          <reporter-output>
          </reporter-output>
        </test-method> <!-- setupDriver -->
        <test-method status="PASS" signature="searchTestDemo(java.lang.String)[pri:0, instance:com.searchmodule.tests.SearchTest@2752f6e2]" name="searchTestDemo" duration-ms="5469" started-at="2020-05-21T12:41:21Z" finished-at="2020-05-21T12:41:27Z">
          <params>
            <param index="0">
              <value>
                <![CDATA[selenium]]>
              </value>
            </param>
          </params>
          <reporter-output>
          </reporter-output>
        </test-method> <!-- searchTestDemo -->
        <test-method status="PASS" signature="tearDown()[pri:0, instance:com.searchmodule.tests.SearchTest@2752f6e2]" name="tearDown" is-config="true" duration-ms="549" started-at="2020-05-21T12:41:27Z" finished-at="2020-05-21T12:41:27Z">
          <reporter-output>
          </reporter-output>
        </test-method> <!-- tearDown -->
      </class> <!-- com.searchmodule.tests.SearchTest -->
    </test> <!-- search-keyword 2 -->
    <test name="search-keyword 3" duration-ms="5629" started-at="2020-05-21T12:41:28Z" finished-at="2020-05-21T12:41:33Z">
      <class name="com.searchmodule.tests.SearchTest">
        <test-method status="PASS" signature="setupDriver(org.testng.ITestContext)[pri:0, instance:com.searchmodule.tests.SearchTest@1d251891]" name="setupDriver" is-config="true" duration-ms="1847" started-at="2020-05-21T12:41:28Z" finished-at="2020-05-21T12:41:29Z">
          <params>
            <param index="0">
              <value>
                <![CDATA[org.testng.TestRunner@7ca20101]]>
              </value>
            </param>
          </params>
          <reporter-output>
          </reporter-output>
        </test-method> <!-- setupDriver -->
        <test-method status="PASS" signature="searchTestDemo(java.lang.String)[pri:0, instance:com.searchmodule.tests.SearchTest@1d251891]" name="searchTestDemo" duration-ms="3224" started-at="2020-05-21T12:41:29Z" finished-at="2020-05-21T12:41:33Z">
          <params>
            <param index="0">
              <value>
                <![CDATA[selenium]]>
              </value>
            </param>
          </params>
          <reporter-output>
          </reporter-output>
        </test-method> <!-- searchTestDemo -->
        <test-method status="PASS" signature="tearDown()[pri:0, instance:com.searchmodule.tests.SearchTest@1d251891]" name="tearDown" is-config="true" duration-ms="557" started-at="2020-05-21T12:41:33Z" finished-at="2020-05-21T12:41:33Z">
          <reporter-output>
          </reporter-output>
        </test-method> <!-- tearDown -->
      </class> <!-- com.searchmodule.tests.SearchTest -->
    </test> <!-- search-keyword 3 -->
  </suite> <!-- search-module -->
</testng-results>
